2026-05-31 15:38:34.150 INFO  o.s.boot.tomcat.GracefulShutdown - Commencing graceful shutdown. Waiting for active requests to complete
2026-05-31 15:38:34.156 INFO  o.a.coyote.http11.Http11NioProtocol - Pausing ProtocolHandler ["http-nio-8080"]
2026-05-31 15:38:34.170 INFO  o.s.boot.tomcat.GracefulShutdown - Graceful shutdown complete
2026-05-31 15:38:34.171 INFO  o.a.coyote.http11.Http11NioProtocol - Stopping ProtocolHandler ["http-nio-8080"]
2026-05-31 15:38:34.314 INFO  a.d.s.SpringProjectApplication - Starting SpringProjectApplication using Java 21.0.9 with PID 4268 (C:\Github\14_aprel-group\codes\spring\spring-project\spring-project\target\classes started by aslan in C:\Github\14_aprel-group\codes\spring\spring-project\spring-project)
2026-05-31 15:38:34.317 INFO  a.d.s.SpringProjectApplication - No active profile set, falling back to 1 default profile: "default"
2026-05-31 15:38:34.623 INFO  o.s.boot.tomcat.TomcatWebServer - Tomcat initialized with port 8080 (http)
2026-05-31 15:38:34.625 INFO  o.a.coyote.http11.Http11NioProtocol - Initializing ProtocolHandler ["http-nio-8080"]
2026-05-31 15:38:34.625 INFO  o.a.catalina.core.StandardService - Starting service [Tomcat]
2026-05-31 15:38:34.625 INFO  o.a.catalina.core.StandardEngine - Starting Servlet engine: [Apache Tomcat/11.0.21]
2026-05-31 15:38:34.651 INFO  o.s.b.w.c.s.WebApplicationContextInitializer - Root WebApplicationContext: initialization completed in 330 ms
2026-05-31 15:38:34.803 INFO  o.a.coyote.http11.Http11NioProtocol - Starting ProtocolHandler ["http-nio-8080"]
2026-05-31 15:38:34.808 INFO  o.s.boot.tomcat.TomcatWebServer - Tomcat started on port 8080 (http) with context path '/'
2026-05-31 15:38:34.814 INFO  a.d.s.SpringProjectApplication - Started SpringProjectApplication in 0.579 seconds (process running for 352.154)
2026-05-31 15:38:34.818 INFO  o.s.b.d.a.ConditionEvaluationDeltaLoggingListener - Condition evaluation unchanged
2026-05-31 15:59:21.116 INFO  a.d.s.SpringProjectApplication - Starting SpringProjectApplication using Java 21.0.9 with PID 18428 (C:\Github\14_aprel-group\codes\spring\spring-project\spring-project\target\classes started by aslan in C:\Github\14_aprel-group\codes\spring\spring-project\spring-project)
2026-05-31 15:59:21.122 INFO  a.d.s.SpringProjectApplication - No active profile set, falling back to 1 default profile: "default"
2026-05-31 15:59:21.246 INFO  o.s.b.d.e.DevToolsPropertyDefaultsPostProcessor - Devtools property defaults active! Set 'spring.devtools.add-properties' to 'false' to disable
2026-05-31 15:59:21.248 INFO  o.s.b.d.e.DevToolsPropertyDefaultsPostProcessor - For additional web related logging consider setting the 'logging.level.web' property to 'DEBUG'
2026-05-31 15:59:21.258 INFO  a.d.s.SpringProjectApplication - Starting SpringProjectApplication using Java 21.0.9 with PID 8584 (C:\Github\14_aprel-group\codes\spring\spring-project\spring-project\target\classes started by aslan in C:\Github\14_aprel-group\codes\spring\spring-project\spring-project)
2026-05-31 15:59:21.265 INFO  a.d.s.SpringProjectApplication - No active profile set, falling back to 1 default profile: "default"
2026-05-31 15:59:21.428 INFO  o.s.b.d.e.DevToolsPropertyDefaultsPostProcessor - Devtools property defaults active! Set 'spring.devtools.add-properties' to 'false' to disable
2026-05-31 15:59:21.429 INFO  o.s.b.d.e.DevToolsPropertyDefaultsPostProcessor - For additional web related logging consider setting the 'logging.level.web' property to 'DEBUG'
2026-05-31 15:59:24.628 INFO  o.s.boot.tomcat.TomcatWebServer - Tomcat initialized with port 8080 (http)
2026-05-31 15:59:24.660 INFO  o.a.coyote.http11.Http11NioProtocol - Initializing ProtocolHandler ["http-nio-8080"]
2026-05-31 15:59:24.667 INFO  o.a.catalina.core.StandardService - Starting service [Tomcat]
2026-05-31 15:59:24.668 INFO  o.a.catalina.core.StandardEngine - Starting Servlet engine: [Apache Tomcat/11.0.21]
2026-05-31 15:59:24.790 INFO  o.s.b.w.c.s.WebApplicationContextInitializer - Root WebApplicationContext: initialization completed in 3537 ms
2026-05-31 15:59:24.804 INFO  o.s.boot.tomcat.TomcatWebServer - Tomcat initialized with port 8080 (http)
2026-05-31 15:59:24.845 INFO  o.a.coyote.http11.Http11NioProtocol - Initializing ProtocolHandler ["http-nio-8080"]
2026-05-31 15:59:24.857 INFO  o.a.catalina.core.StandardService - Starting service [Tomcat]
2026-05-31 15:59:24.858 INFO  o.a.catalina.core.StandardEngine - Starting Servlet engine: [Apache Tomcat/11.0.21]
2026-05-31 15:59:24.975 INFO  o.s.b.w.c.s.WebApplicationContextInitializer - Root WebApplicationContext: initialization completed in 3544 ms
2026-05-31 15:59:26.085 INFO  o.a.coyote.http11.Http11NioProtocol - Starting ProtocolHandler ["http-nio-8080"]
2026-05-31 15:59:26.172 INFO  o.s.boot.tomcat.TomcatWebServer - Tomcat started on port 8080 (http) with context path '/'
2026-05-31 15:59:26.191 INFO  a.d.s.SpringProjectApplication - Started SpringProjectApplication in 6.527 seconds (process running for 7.985)
2026-05-31 15:59:26.431 INFO  o.a.coyote.http11.Http11NioProtocol - Starting ProtocolHandler ["http-nio-8080"]
2026-05-31 15:59:26.452 WARN  o.s.b.w.s.s.c.AnnotationConfigServletWebServerApplicationContext - Exception encountered during context initialization - cancelling refresh attempt: org.springframework.context.ApplicationContextException: Failed to start bean 'webServerStartStop'
2026-05-31 15:59:26.482 INFO  o.s.b.a.l.ConditionEvaluationReportLogger - 

Error starting ApplicationContext. To display the condition evaluation report re-run your application with 'debug' enabled.
2026-05-31 15:59:26.523 ERROR o.s.b.d.LoggingFailureAnalysisReporter - 

***************************
APPLICATION FAILED TO START
***************************

Description:

Web server failed to start. Port 8080 was already in use.

Action:

Identify and stop the process that's listening on port 8080 or configure this application to listen on another port.

2026-05-31 16:01:16.170 INFO  o.s.b.d.a.LocalDevToolsAutoConfiguration$RestartingClassPathChangeChangedEventListener - Restarting due to 1 class path change (0 additions, 0 deletions, 1 modification)
2026-05-31 16:01:16.180 INFO  o.s.boot.tomcat.GracefulShutdown - Commencing graceful shutdown. Waiting for active requests to complete
2026-05-31 16:01:16.184 INFO  o.a.coyote.http11.Http11NioProtocol - Pausing ProtocolHandler ["http-nio-8080"]
2026-05-31 16:01:16.213 INFO  o.s.boot.tomcat.GracefulShutdown - Graceful shutdown complete
2026-05-31 16:01:16.216 INFO  o.a.coyote.http11.Http11NioProtocol - Stopping ProtocolHandler ["http-nio-8080"]
2026-05-31 16:01:16.448 INFO  a.d.s.SpringProjectApplication - Starting SpringProjectApplication using Java 21.0.9 with PID 18428 (C:\Github\14_aprel-group\codes\spring\spring-project\spring-project\target\classes started by aslan in C:\Github\14_aprel-group\codes\spring\spring-project\spring-project)
2026-05-31 16:01:16.450 INFO  a.d.s.SpringProjectApplication - No active profile set, falling back to 1 default profile: "default"
2026-05-31 16:01:17.003 INFO  o.s.boot.tomcat.TomcatWebServer - Tomcat initialized with port 8080 (http)
2026-05-31 16:01:17.005 INFO  o.a.coyote.http11.Http11NioProtocol - Initializing ProtocolHandler ["http-nio-8080"]
2026-05-31 16:01:17.005 INFO  o.a.catalina.core.StandardService - Starting service [Tomcat]
2026-05-31 16:01:17.006 INFO  o.a.catalina.core.StandardEngine - Starting Servlet engine: [Apache Tomcat/11.0.21]
2026-05-31 16:01:17.037 INFO  o.s.b.w.c.s.WebApplicationContextInitializer - Root WebApplicationContext: initialization completed in 575 ms
2026-05-31 16:01:17.207 INFO  o.a.coyote.http11.Http11NioProtocol - Starting ProtocolHandler ["http-nio-8080"]
2026-05-31 16:01:17.219 INFO  o.s.boot.tomcat.TomcatWebServer - Tomcat started on port 8080 (http) with context path '/'
2026-05-31 16:01:17.230 INFO  a.d.s.SpringProjectApplication - Started SpringProjectApplication in 0.886 seconds (process running for 119.024)
2026-05-31 16:01:17.235 INFO  o.s.b.d.a.ConditionEvaluationDeltaLoggingListener - Condition evaluation unchanged
2026-05-31 16:03:22.554 INFO  o.s.b.d.a.LocalDevToolsAutoConfiguration$RestartingClassPathChangeChangedEventListener - Restarting due to 1 class path change (0 additions, 0 deletions, 1 modification)
2026-05-31 16:03:22.556 INFO  o.s.boot.tomcat.GracefulShutdown - Commencing graceful shutdown. Waiting for active requests to complete
2026-05-31 16:03:22.558 INFO  o.a.coyote.http11.Http11NioProtocol - Pausing ProtocolHandler ["http-nio-8080"]
2026-05-31 16:03:22.567 INFO  o.s.boot.tomcat.GracefulShutdown - Graceful shutdown complete
2026-05-31 16:03:22.568 INFO  o.a.coyote.http11.Http11NioProtocol - Stopping ProtocolHandler ["http-nio-8080"]
2026-05-31 16:03:22.759 INFO  a.d.s.SpringProjectApplication - Starting SpringProjectApplication using Java 21.0.9 with PID 18428 (C:\Github\14_aprel-group\codes\spring\spring-project\spring-project\target\classes started by aslan in C:\Github\14_aprel-group\codes\spring\spring-project\spring-project)
2026-05-31 16:03:22.759 INFO  a.d.s.SpringProjectApplication - No active profile set, falling back to 1 default profile: "default"
2026-05-31 16:03:23.119 INFO  o.s.boot.tomcat.TomcatWebServer - Tomcat initialized with port 8080 (http)
2026-05-31 16:03:23.120 INFO  o.a.coyote.http11.Http11NioProtocol - Initializing ProtocolHandler ["http-nio-8080"]
2026-05-31 16:03:23.120 INFO  o.a.catalina.core.StandardService - Starting service [Tomcat]
2026-05-31 16:03:23.122 INFO  o.a.catalina.core.StandardEngine - Starting Servlet engine: [Apache Tomcat/11.0.21]
2026-05-31 16:03:23.149 INFO  o.s.b.w.c.s.WebApplicationContextInitializer - Root WebApplicationContext: initialization completed in 377 ms
2026-05-31 16:03:23.307 INFO  o.a.coyote.http11.Http11NioProtocol - Starting ProtocolHandler ["http-nio-8080"]
2026-05-31 16:03:23.316 INFO  o.s.boot.tomcat.TomcatWebServer - Tomcat started on port 8080 (http) with context path '/'
2026-05-31 16:03:23.324 INFO  a.d.s.SpringProjectApplication - Started SpringProjectApplication in 0.676 seconds (process running for 245.117)
2026-05-31 16:03:23.326 INFO  o.s.b.d.a.ConditionEvaluationDeltaLoggingListener - Condition evaluation unchanged
2026-05-31 16:04:17.030 INFO  o.s.b.d.a.LocalDevToolsAutoConfiguration$RestartingClassPathChangeChangedEventListener - Restarting due to 1 class path change (0 additions, 0 deletions, 1 modification)
2026-05-31 16:04:17.041 INFO  o.s.boot.tomcat.GracefulShutdown - Commencing graceful shutdown. Waiting for active requests to complete
2026-05-31 16:04:17.043 INFO  o.a.coyote.http11.Http11NioProtocol - Pausing ProtocolHandler ["http-nio-8080"]
2026-05-31 16:04:17.051 INFO  o.s.boot.tomcat.GracefulShutdown - Graceful shutdown complete
2026-05-31 16:04:17.052 INFO  o.a.coyote.http11.Http11NioProtocol - Stopping ProtocolHandler ["http-nio-8080"]
2026-05-31 16:04:17.182 INFO  a.d.s.SpringProjectApplication - Starting SpringProjectApplication using Java 21.0.9 with PID 18428 (C:\Github\14_aprel-group\codes\spring\spring-project\spring-project\target\classes started by aslan in C:\Github\14_aprel-group\codes\spring\spring-project\spring-project)
2026-05-31 16:04:17.187 INFO  a.d.s.SpringProjectApplication - No active profile set, falling back to 1 default profile: "default"
2026-05-31 16:04:17.634 INFO  o.s.boot.tomcat.TomcatWebServer - Tomcat initialized with port 8080 (http)
2026-05-31 16:04:17.635 INFO  o.a.coyote.http11.Http11NioProtocol - Initializing ProtocolHandler ["http-nio-8080"]
2026-05-31 16:04:17.636 INFO  o.a.catalina.core.StandardService - Starting service [Tomcat]
2026-05-31 16:04:17.636 INFO  o.a.catalina.core.StandardEngine - Starting Servlet engine: [Apache Tomcat/11.0.21]
2026-05-31 16:04:17.667 INFO  o.s.b.w.c.s.WebApplicationContextInitializer - Root WebApplicationContext: initialization completed in 474 ms
2026-05-31 16:04:17.804 INFO  o.a.coyote.http11.Http11NioProtocol - Starting ProtocolHandler ["http-nio-8080"]
2026-05-31 16:04:17.810 INFO  o.s.boot.tomcat.TomcatWebServer - Tomcat started on port 8080 (http) with context path '/'
2026-05-31 16:04:17.818 INFO  a.d.s.SpringProjectApplication - Started SpringProjectApplication in 0.691 seconds (process running for 299.612)
2026-05-31 16:04:17.820 INFO  o.s.b.d.a.ConditionEvaluationDeltaLoggingListener - Condition evaluation unchanged
2026-05-31 16:04:23.232 INFO  o.s.b.d.a.LocalDevToolsAutoConfiguration$RestartingClassPathChangeChangedEventListener - Restarting due to 1 class path change (0 additions, 0 deletions, 1 modification)
2026-05-31 16:04:23.234 INFO  o.s.boot.tomcat.GracefulShutdown - Commencing graceful shutdown. Waiting for active requests to complete
2026-05-31 16:04:23.234 INFO  o.a.coyote.http11.Http11NioProtocol - Pausing ProtocolHandler ["http-nio-8080"]
2026-05-31 16:04:23.240 INFO  o.s.boot.tomcat.GracefulShutdown - Graceful shutdown complete
2026-05-31 16:04:23.240 INFO  o.a.coyote.http11.Http11NioProtocol - Stopping ProtocolHandler ["http-nio-8080"]
2026-05-31 16:04:23.368 INFO  a.d.s.SpringProjectApplication - Starting SpringProjectApplication using Java 21.0.9 with PID 18428 (C:\Github\14_aprel-group\codes\spring\spring-project\spring-project\target\classes started by aslan in C:\Github\14_aprel-group\codes\spring\spring-project\spring-project)
2026-05-31 16:04:23.375 INFO  a.d.s.SpringProjectApplication - No active profile set, falling back to 1 default profile: "default"
2026-05-31 16:04:23.788 INFO  o.s.boot.tomcat.TomcatWebServer - Tomcat initialized with port 8080 (http)
2026-05-31 16:04:23.790 INFO  o.a.coyote.http11.Http11NioProtocol - Initializing ProtocolHandler ["http-nio-8080"]
2026-05-31 16:04:23.790 INFO  o.a.catalina.core.StandardService - Starting service [Tomcat]
2026-05-31 16:04:23.790 INFO  o.a.catalina.core.StandardEngine - Starting Servlet engine: [Apache Tomcat/11.0.21]
2026-05-31 16:04:23.831 INFO  o.s.b.w.c.s.WebApplicationContextInitializer - Root WebApplicationContext: initialization completed in 450 ms
2026-05-31 16:04:23.987 INFO  o.a.coyote.http11.Http11NioProtocol - Starting ProtocolHandler ["http-nio-8080"]
2026-05-31 16:04:23.997 INFO  o.s.boot.tomcat.TomcatWebServer - Tomcat started on port 8080 (http) with context path '/'
2026-05-31 16:04:24.005 INFO  a.d.s.SpringProjectApplication - Started SpringProjectApplication in 0.69 seconds (process running for 305.799)
2026-05-31 16:04:24.008 INFO  o.s.b.d.a.ConditionEvaluationDeltaLoggingListener - Condition evaluation unchanged
